0 info it worked if it ends with ok
1 verbose cli [ 'C:\\Program Files\\nodejs\\node.exe',
1 verbose cli   'C:\\Program Files\\nodejs\\node_modules\\npm\\bin\\npm-cli.js',
1 verbose cli   'start' ]
2 info using npm@3.10.9
3 info using node@v6.2.2
4 verbose run-script [ 'prestart', 'start', 'poststart' ]
5 info lifecycle timers_app@1.1.0~prestart: timers_app@1.1.0
6 silly lifecycle timers_app@1.1.0~prestart: no script for prestart, continuing
7 info lifecycle timers_app@1.1.0~start: timers_app@1.1.0
8 verbose lifecycle timers_app@1.1.0~start: unsafe-perm in lifecycle true
9 verbose lifecycle timers_app@1.1.0~start: PATH: C:\Program Files\nodejs\node_modules\npm\bin\node-gyp-bin;C:\Users\midwe\Desktop\Coding\fullstack_react_coding\time_tracker\node_modules\.bin;C:\Users\midwe\bin;C:\Program Files\Git\mingw64\bin;C:\Program Files\Git\usr\local\bin;C:\Program Files\Git\usr\bin;C:\Program Files\Git\usr\bin;C:\Program Files\Git\mingw64\bin;C:\Program Files\Git\usr\bin;C:\Users\midwe\bin;C:\ProgramData\Oracle\Java\javapath;C:\Program Files (x86)\Intel\iCLS Client;C:\Program Files\Intel\iCLS Client;C:\Windows\system32;C:\Windows;C:\Windows\System32\Wbem;C:\Windows\System32\WindowsPowerShell\v1.0;C:\Program Files (x86)\Intel\Intel(R) Management Engine Components\DAL;C:\Program Files\Intel\Intel(R) Management Engine Components\DAL;C:\Program Files (x86)\Intel\Intel(R) Management Engine Components\IPT;C:\Program Files\Intel\Intel(R) Management Engine Components\IPT;C:\Program Files (x86)\NVIDIA Corporation\PhysX\Common;C:\Program Files\Git\cmd;C:\Program Files (x86)\Skype\Phone;C:\WINDOWS\system32;C:\WINDOWS;C:\WINDOWS\System32\Wbem;C:\WINDOWS\System32\WindowsPowerShell\v1.0;C:\Program Files (x86)\Heroku\bin;C:\Program Files (x86)\git\cmd;C:\Program Files (x86)\Git\cmd;C:\Program Files\nodejs;C:\Program Files\MongoDB\Server\3.2\bin;C:\wamp64\bin\php\php7.0.10;C:\Users\midwe\AppData\Local\Android\sdk\tools;C:\Users\midwe\AppData\Local\Android\sdk\platform-tools;C:\Program Files\Java\jdk1.8.0_101\bin;C:\Program Files\Calibre2;C:\Program Files (x86)\Windows Kits\10\Windows Performance Toolkit;C:\Users\midwe\AppData\Local\Programs\Python\Python35\Scripts;C:\Users\midwe\AppData\Local\Programs\Python\Python35;C:\Users\midwe\AppData\Roaming\npm;C:\Program Files\MySQL\MySQL Server 5.7\bin;C:\Users\midwe\AppData\Local\Microsoft\WindowsApps;C:\Program Files\Android\Android Studio\gradle\gradle-2.14.1\bin;C:\Users\midwe\AppData\Local\Android\sdk\platform-tools;C:\Users\midwe\AppData\Local\Android\sdk\tools;C:\Program Files\Java\jdk1.8.0_101\bin;C:\Program Files (x86)\Microsoft VS Code\bin;C:\Program Files\Heroku\bin;C:\Program Files (x86)\Heroku\bin;C:\Program Files\Git\usr\bin\vendor_perl;C:\Program Files\Git\usr\bin\core_perl
10 verbose lifecycle timers_app@1.1.0~start: CWD: C:\Users\midwe\Desktop\Coding\fullstack_react_coding\time_tracker
11 silly lifecycle timers_app@1.1.0~start: Args: [ '/d /s /c', 'npm run server' ]
12 verbose stack Error: kill ENOSYS
12 verbose stack     at exports._errnoException (util.js:1007:11)
12 verbose stack     at process.kill (internal/process.js:173:13)
12 verbose stack     at process.listener (C:\Program Files\nodejs\node_modules\npm\node_modules\npmlog\node_modules\gauge\node_modules\signal-exit\index.js:86:15)
12 verbose stack     at emitNone (events.js:91:20)
12 verbose stack     at process.emit (events.js:185:7)
12 verbose stack     at processEmit (C:\Program Files\nodejs\node_modules\npm\node_modules\npmlog\node_modules\gauge\node_modules\signal-exit\index.js:146:32)
12 verbose stack     at processEmit (C:\Program Files\nodejs\node_modules\npm\node_modules\npm-registry-client\node_modules\npmlog\node_modules\gauge\node_modules\signal-exit\index.js:146:32)
12 verbose stack     at Signal.wrap.onsignal (internal/process.js:201:44)
13 verbose cwd C:\Users\midwe\Desktop\Coding\fullstack_react_coding\time_tracker
14 error Windows_NT 10.0.16299
15 error argv "C:\\Program Files\\nodejs\\node.exe" "C:\\Program Files\\nodejs\\node_modules\\npm\\bin\\npm-cli.js" "start"
16 error node v6.2.2
17 error npm  v3.10.9
18 error code ENOSYS
19 error errno ENOSYS
20 error syscall kill
21 error kill ENOSYS
22 error If you need help, you may report this error at:
22 error     <https://github.com/npm/npm/issues>
23 verbose exit [ 1, true ]
